<?xml version="1.0" encoding="UTF-8"?>
<testsuites name="Menjalankan saucedemo" time="6.236" tests="5" failures="0" errors="0">
   <testsuite name="Menjalankan saucedemo" tests="5" failures="0" errors="0" time="6.236" skipped="0" timestamp="21-02-2024T12:31:24" hostname="Panji - host.docker.internal" id="Test Suites/Menjalankan saucedemo">
      <properties>
         <property name="deviceName" value=""/>
         <property name="devicePlatform" value=""/>
         <property name="logFolder" value="C:\\Users\\Panji\\Documents\\Panjay\\QA\\SESI-5\\PracEx5\\Reports\\20240221_123116\\Menjalankan saucedemo\\20240221_123117"/>
         <property name="logFiles" value="C:\\Users\\Panji\\Documents\\Panjay\\QA\\SESI-5\\PracEx5\\Reports\\20240221_123116\\Menjalankan saucedemo\\20240221_123117\\execution0.log"/>
         <property name="attachments" value=""/>
         <property name="hostName" value="Panji - host.docker.internal"/>
         <property name="os" value="Windows 11 64bit"/>
         <property name="katalonVersion" value="9.3.0.212"/>
         <property name="browser" value="Chrome 121.0.0.0"/>
         <property name="hostAddress" value="192.168.100.9"/>
         <property name="sessionId" value="9d9fe6c21f12ae771bb1eaefaeb40586"/>
         <property name="seleniumVersion" value="3.141.59"/>
         <property name="proxyInformation" value="ProxyInformation { proxyOption=NO_PROXY, proxyServerType=HTTP, username=, password=********, proxyServerAddress=, proxyServerPort=0, executionList=&quot;&quot;, isApplyToDesiredCapabilities=true }"/>
         <property name="platform" value="Windows 11"/>
      </properties>
      <testcase name="Test Cases/Open Broswer" time="2.303" classname="Test Cases/Open Broswer" status="PASSED">
         <system-out><![CDATA[21-02-2024T12:31:24 - [TEST_CASE][PASSED] - Test Cases/Open Broswer: Test Cases/Open Broswer

21-02-2024T12:31:24 - [TEST_STEP][PASSED] - openBrowser(""): Browser is opened with url: ''

21-02-2024T12:31:25 - [MESSAGE][INFO] - Starting 'Chrome' driver

21-02-2024T12:31:25 - [MESSAGE][INFO] - Action delay is set to 0 milliseconds

21-02-2024T12:31:26 - [MESSAGE][PASSED] - Browser is opened with url: ''

21-02-2024T12:31:26 - [TEST_STEP][PASSED] - navigateToUrl("https://www.saucedemo.com/"): Navigate to 'https://www.saucedemo.com/' successfully

21-02-2024T12:31:26 - [MESSAGE][PASSED] - Navigate to 'https://www.saucedemo.com/' successfully]]></system-out>
         <system-err><![CDATA[]]></system-err>
      </testcase>
      <testcase name="Test Cases/Insert Username" time="2.052" classname="Test Cases/Insert Username" status="PASSED">
         <system-out><![CDATA[21-02-2024T12:31:26 - [TEST_CASE][PASSED] - Test Cases/Insert Username: Test Cases/Insert Username

21-02-2024T12:31:26 - [TEST_STEP][PASSED] - setText(findTestObject("Object Repository/Page_Swag Labs/input_Swag Labs_user-name"), "standard_user"): Text 'standard_user' is set on object 'Object Repository/Page_Swag Labs/input_Swag Labs_user-name'

21-02-2024T12:31:28 - [MESSAGE][PASSED] - Text 'standard_user' is set on object 'Object Repository/Page_Swag Labs/input_Swag Labs_user-name']]></system-out>
         <system-err><![CDATA[]]></system-err>
      </testcase>
      <testcase name="Test Cases/Insert Password" time="0.718" classname="Test Cases/Insert Password" status="PASSED">
         <system-out><![CDATA[21-02-2024T12:31:28 - [TEST_CASE][PASSED] - Test Cases/Insert Password: Test Cases/Insert Password

21-02-2024T12:31:28 - [TEST_STEP][PASSED] - setText(findTestObject("Object Repository/Page_Swag Labs/input_Swag Labs_password"), "secret_sauce"): Text 'secret_sauce' is set on object 'Object Repository/Page_Swag Labs/input_Swag Labs_password'

21-02-2024T12:31:29 - [MESSAGE][PASSED] - Text 'secret_sauce' is set on object 'Object Repository/Page_Swag Labs/input_Swag Labs_password']]></system-out>
         <system-err><![CDATA[]]></system-err>
      </testcase>
      <testcase name="Test Cases/Klik Login" time="0.424" classname="Test Cases/Klik Login" status="PASSED">
         <system-out><![CDATA[21-02-2024T12:31:29 - [TEST_CASE][PASSED] - Test Cases/Klik Login: Test Cases/Klik Login

21-02-2024T12:31:29 - [TEST_STEP][PASSED] - click(findTestObject("Object Repository/Page_Swag Labs/Page_Swag Labs/input_Swag Labs_login-button")): Object: 'Object Repository/Page_Swag Labs/Page_Swag Labs/input_Swag Labs_login-button' is clicked on

21-02-2024T12:31:30 - [MESSAGE][PASSED] - Object: 'Object Repository/Page_Swag Labs/Page_Swag Labs/input_Swag Labs_login-button' is clicked on]]></system-out>
         <system-err><![CDATA[]]></system-err>
      </testcase>
      <testcase name="Test Cases/Klik Cart" time="0.518" classname="Test Cases/Klik Cart" status="PASSED">
         <system-out><![CDATA[21-02-2024T12:31:30 - [TEST_CASE][PASSED] - Test Cases/Klik Cart: Test Cases/Klik Cart

21-02-2024T12:31:30 - [TEST_STEP][PASSED] - click(findTestObject("Object Repository/Page_Swag Labs/a_Swag Labs_shopping_cart_link")): Object: 'Object Repository/Page_Swag Labs/a_Swag Labs_shopping_cart_link' is clicked on

21-02-2024T12:31:30 - [MESSAGE][PASSED] - Object: 'Object Repository/Page_Swag Labs/a_Swag Labs_shopping_cart_link' is clicked on]]></system-out>
         <system-err><![CDATA[]]></system-err>
      </testcase>
      <system-out><![CDATA[21-02-2024T12:31:24 - [TEST_SUITE][PASSED] - Menjalankan saucedemo: Test Cases/Klik Cart]]></system-out>
      <system-err><![CDATA[]]></system-err>
   </testsuite>
</testsuites>
